Flow report for AP1_1-1_3
Sun Nov 16 14:41:07 2025
Quartus Prime Version 17.1.1 Internal Build 593 12/11/2017 SJ Standard Edition


---------------------
; Table of Contents ;
---------------------
  1. Legal Notice
  2. Flow Summary
  3. Flow Settings
  4. Flow Non-Default Global Settings
  5. Flow Elapsed Time
  6. Flow OS Summary
  7. Flow Log
  8. Flow Messages
  9. Flow Suppressed Messages



----------------
; Legal Notice ;
----------------
Copyright (C) 2017  Intel Corporation. All rights reserved.
Your use of Intel Corporation's design tools, logic functions 
and other software and tools, and its AMPP partner logic 
functions, and any output files from any of the foregoing 
(including device programming or simulation files), and any 
associated documentation or information are expressly subject 
to the terms and conditions of the Intel Program License 
Subscription Agreement, the Intel Quartus Prime License Agreement,
the Intel FPGA IP License Agreement, or other applicable license
agreement, including, without limitation, that your use is for
the sole purpose of programming logic devices manufactured by
Intel and sold by Intel or its authorized distributors.  Please
refer to the applicable agreement for further details.



+-----------------------------------------------------------------------------------------------+
; Flow Summary                                                                                  ;
+------------------------------------+----------------------------------------------------------+
; Flow Status                        ; Successful - Sun Nov 16 14:41:07 2025                    ;
; Quartus Prime Version              ; 17.1.1 Internal Build 593 12/11/2017 SJ Standard Edition ;
; Revision Name                      ; AP1_1-1_3                                                ;
; Top-level Entity Name              ; multipli                                                 ;
; Family                             ; Cyclone IV E                                             ;
; Device                             ; EP4CE115F29C7                                            ;
; Timing Models                      ; Final                                                    ;
; Total logic elements               ; 142 / 114,480 ( < 1 % )                                  ;
;     Total combinational functions  ; 141 / 114,480 ( < 1 % )                                  ;
;     Dedicated logic registers      ; 42 / 114,480 ( < 1 % )                                   ;
; Total registers                    ; 42                                                       ;
; Total pins                         ; 36 / 529 ( 7 % )                                         ;
; Total virtual pins                 ; 0                                                        ;
; Total memory bits                  ; 0 / 3,981,312 ( 0 % )                                    ;
; Embedded Multiplier 9-bit elements ; 0 / 532 ( 0 % )                                          ;
; Total PLLs                         ; 0 / 4 ( 0 % )                                            ;
+------------------------------------+----------------------------------------------------------+


+-----------------------------------------+
; Flow Settings                           ;
+-------------------+---------------------+
; Option            ; Setting             ;
+-------------------+---------------------+
; Start date & time ; 11/16/2025 14:38:33 ;
; Main task         ; Compilation         ;
; Revision Name     ; AP1_1-1_3           ;
+-------------------+---------------------+


+------------------------------------------------------------------------------------------------------------------------------------+
; Flow Non-Default Global Settings                                                                                                   ;
+--------------------------------------+----------------------------------------+---------------+-------------+----------------------+
; Assignment Name                      ; Value                                  ; Default Value ; Entity Name ; Section Id           ;
+--------------------------------------+----------------------------------------+---------------+-------------+----------------------+
; COMPILER_SIGNATURE_ID                ; 345042518398.176330031214768           ; --            ; --          ; --                   ;
; EDA_DESIGN_INSTANCE_NAME             ; NA                                     ; --            ; --          ; tb_multipli_completo ;
; EDA_DESIGN_INSTANCE_NAME             ; NA                                     ; --            ; --          ; tb_multipli_simple   ;
; EDA_NATIVELINK_SIMULATION_TEST_BENCH ; tb_multipli_completo                   ; --            ; --          ; eda_simulation       ;
; EDA_OUTPUT_DATA_FORMAT               ; Systemverilog Hdl                      ; --            ; --          ; eda_simulation       ;
; EDA_SIMULATION_TOOL                  ; QuestaSim (SystemVerilog)              ; <None>        ; --          ; --                   ;
; EDA_TEST_BENCH_ENABLE_STATUS         ; TEST_BENCH_MODE                        ; --            ; --          ; eda_simulation       ;
; EDA_TEST_BENCH_FILE                  ; tb_multipli_completo.sv                ; --            ; --          ; tb_multipli_completo ;
; EDA_TEST_BENCH_FILE                  ; tb_multipli_simple.sv                  ; --            ; --          ; tb_multipli_simple   ;
; EDA_TEST_BENCH_MODULE_NAME           ; tb_multipli_completo                   ; --            ; --          ; tb_multipli_completo ;
; EDA_TEST_BENCH_MODULE_NAME           ; tb_multipli_simple                     ; --            ; --          ; tb_multipli_simple   ;
; EDA_TEST_BENCH_NAME                  ; tb_multipli_simple                     ; --            ; --          ; eda_simulation       ;
; EDA_TEST_BENCH_NAME                  ; tb_multipli_completo                   ; --            ; --          ; eda_simulation       ;
; EDA_TIME_SCALE                       ; 1 ps                                   ; --            ; --          ; eda_simulation       ;
; MAX_CORE_JUNCTION_TEMP               ; 85                                     ; --            ; --          ; --                   ;
; MIN_CORE_JUNCTION_TEMP               ; 0                                      ; --            ; --          ; --                   ;
; NOMINAL_CORE_SUPPLY_VOLTAGE          ; 1.2V                                   ; --            ; --          ; --                   ;
; PARTITION_COLOR                      ; -- (Not supported for targeted family) ; --            ; multipli    ; Top                  ;
; PARTITION_FITTER_PRESERVATION_LEVEL  ; -- (Not supported for targeted family) ; --            ; multipli    ; Top                  ;
; PARTITION_NETLIST_TYPE               ; -- (Not supported for targeted family) ; --            ; multipli    ; Top                  ;
; POWER_BOARD_THERMAL_MODEL            ; None (CONSERVATIVE)                    ; --            ; --          ; --                   ;
; POWER_PRESET_COOLING_SOLUTION        ; 23 MM HEAT SINK WITH 200 LFPM AIRFLOW  ; --            ; --          ; --                   ;
; PROJECT_OUTPUT_DIRECTORY             ; output_files                           ; --            ; --          ; --                   ;
; TOP_LEVEL_ENTITY                     ; multipli                               ; AP1_1-1_3     ; --          ; --                   ;
+--------------------------------------+----------------------------------------+---------------+-------------+----------------------+


+-------------------------------------------------------------------------------------------------------------------------------+
; Flow Elapsed Time                                                                                                             ;
+---------------------------+--------------+-------------------------+---------------------+------------------------------------+
; Module Name               ; Elapsed Time ; Average Processors Used ; Peak Virtual Memory ; Total CPU Time (on all processors) ;
+---------------------------+--------------+-------------------------+---------------------+------------------------------------+
; Analysis & Synthesis      ; 00:00:32     ; 1.0                     ; 4827 MB             ; 00:00:33                           ;
; Fitter                    ; 00:00:58     ; 1.0                     ; 6369 MB             ; 00:00:48                           ;
; Assembler                 ; 00:00:22     ; 1.0                     ; 4685 MB             ; 00:00:04                           ;
; TimeQuest Timing Analyzer ; 00:00:21     ; 1.2                     ; 4944 MB             ; 00:00:04                           ;
; EDA Netlist Writer        ; 00:00:18     ; 1.0                     ; 4655 MB             ; 00:00:02                           ;
; Total                     ; 00:02:31     ; --                      ; --                  ; 00:01:31                           ;
+---------------------------+--------------+-------------------------+---------------------+------------------------------------+


+-----------------------------------------------------------------------------------------+
; Flow OS Summary                                                                         ;
+---------------------------+------------------+------------+------------+----------------+
; Module Name               ; Machine Hostname ; OS Name    ; OS Version ; Processor type ;
+---------------------------+------------------+------------+------------+----------------+
; Analysis & Synthesis      ; master-wetsit    ; Windows 10 ; 10.0       ; x86_64         ;
; Fitter                    ; master-wetsit    ; Windows 10 ; 10.0       ; x86_64         ;
; Assembler                 ; master-wetsit    ; Windows 10 ; 10.0       ; x86_64         ;
; TimeQuest Timing Analyzer ; master-wetsit    ; Windows 10 ; 10.0       ; x86_64         ;
; EDA Netlist Writer        ; master-wetsit    ; Windows 10 ; 10.0       ; x86_64         ;
+---------------------------+------------------+------------+------------+----------------+


------------
; Flow Log ;
------------
quartus_map --read_settings_files=on --write_settings_files=off AP1_1-1_3 -c AP1_1-1_3
quartus_fit --read_settings_files=off --write_settings_files=off AP1_1-1_3 -c AP1_1-1_3
quartus_asm --read_settings_files=off --write_settings_files=off AP1_1-1_3 -c AP1_1-1_3
quartus_sta AP1_1-1_3 -c AP1_1-1_3
quartus_eda --read_settings_files=off --write_settings_files=off AP1_1-1_3 -c AP1_1-1_3



