Flow report for AP3
Mon Nov 17 05:33:03 2025
Quartus Prime Version 17.1.1 Internal Build 593 12/11/2017 SJ Standard Edition


---------------------
; Table of Contents ;
---------------------
  1. Legal Notice
  2. Flow Summary
  3. Flow Settings
  4. Flow Non-Default Global Settings
  5. Flow Elapsed Time
  6. Flow OS Summary
  7. Flow Log
  8. Flow Messages
  9. Flow Suppressed Messages



----------------
; Legal Notice ;
----------------
Copyright (C) 2017  Intel Corporation. All rights reserved.
Your use of Intel Corporation's design tools, logic functions 
and other software and tools, and its AMPP partner logic 
functions, and any output files from any of the foregoing 
(including device programming or simulation files), and any 
associated documentation or information are expressly subject 
to the terms and conditions of the Intel Program License 
Subscription Agreement, the Intel Quartus Prime License Agreement,
the Intel FPGA IP License Agreement, or other applicable license
agreement, including, without limitation, that your use is for
the sole purpose of programming logic devices manufactured by
Intel and sold by Intel or its authorized distributors.  Please
refer to the applicable agreement for further details.



+-----------------------------------------------------------------------------------------------+
; Flow Summary                                                                                  ;
+------------------------------------+----------------------------------------------------------+
; Flow Status                        ; Successful - Mon Nov 17 05:32:59 2025                    ;
; Quartus Prime Version              ; 17.1.1 Internal Build 593 12/11/2017 SJ Standard Edition ;
; Revision Name                      ; AP3                                                      ;
; Top-level Entity Name              ; multipli_segmentado                                      ;
; Family                             ; Cyclone IV E                                             ;
; Device                             ; EP4CE115F29C7                                            ;
; Timing Models                      ; Final                                                    ;
; Total logic elements               ; 795                                                      ;
;     Total combinational functions  ; 745                                                      ;
;     Dedicated logic registers      ; 157                                                      ;
; Total registers                    ; 157                                                      ;
; Total pins                         ; 36                                                       ;
; Total virtual pins                 ; 0                                                        ;
; Total memory bits                  ; 20                                                       ;
; Embedded Multiplier 9-bit elements ; 0                                                        ;
; Total PLLs                         ; 0                                                        ;
+------------------------------------+----------------------------------------------------------+


+-----------------------------------------+
; Flow Settings                           ;
+-------------------+---------------------+
; Option            ; Setting             ;
+-------------------+---------------------+
; Start date & time ; 11/17/2025 05:32:31 ;
; Main task         ; Compilation         ;
; Revision Name     ; AP3                 ;
+-------------------+---------------------+


+----------------------------------------------------------------------------------------------------------------------------------------------+
; Flow Non-Default Global Settings                                                                                                             ;
+--------------------------------------+----------------------------------------+---------------+---------------------+------------------------+
; Assignment Name                      ; Value                                  ; Default Value ; Entity Name         ; Section Id             ;
+--------------------------------------+----------------------------------------+---------------+---------------------+------------------------+
; COMPILER_SIGNATURE_ID                ; 345042518393.176335395010380           ; --            ; --                  ; --                     ;
; EDA_DESIGN_INSTANCE_NAME             ; NA                                     ; --            ; --                  ; tb_multipli_segmentado ;
; EDA_NATIVELINK_SIMULATION_TEST_BENCH ; tb_multipli_segmentado                 ; --            ; --                  ; eda_simulation         ;
; EDA_OUTPUT_DATA_FORMAT               ; Systemverilog Hdl                      ; --            ; --                  ; eda_simulation         ;
; EDA_SIMULATION_TOOL                  ; QuestaSim (SystemVerilog)              ; <None>        ; --                  ; --                     ;
; EDA_TEST_BENCH_ENABLE_STATUS         ; TEST_BENCH_MODE                        ; --            ; --                  ; eda_simulation         ;
; EDA_TEST_BENCH_FILE                  ; tb_multipli_segmentado.sv              ; --            ; --                  ; tb_multipli_segmentado ;
; EDA_TEST_BENCH_MODULE_NAME           ; tb_multipli_segmentado                 ; --            ; --                  ; tb_multipli_segmentado ;
; EDA_TEST_BENCH_NAME                  ; tb_multipli_segmentado                 ; --            ; --                  ; eda_simulation         ;
; EDA_TIME_SCALE                       ; 1 ps                                   ; --            ; --                  ; eda_simulation         ;
; MAX_CORE_JUNCTION_TEMP               ; 85                                     ; --            ; --                  ; --                     ;
; MIN_CORE_JUNCTION_TEMP               ; 0                                      ; --            ; --                  ; --                     ;
; NOMINAL_CORE_SUPPLY_VOLTAGE          ; 1.2V                                   ; --            ; --                  ; --                     ;
; PARTITION_COLOR                      ; -- (Not supported for targeted family) ; --            ; multipli_segmentado ; Top                    ;
; PARTITION_FITTER_PRESERVATION_LEVEL  ; -- (Not supported for targeted family) ; --            ; multipli_segmentado ; Top                    ;
; PARTITION_NETLIST_TYPE               ; -- (Not supported for targeted family) ; --            ; multipli_segmentado ; Top                    ;
; POWER_BOARD_THERMAL_MODEL            ; None (CONSERVATIVE)                    ; --            ; --                  ; --                     ;
; POWER_PRESET_COOLING_SOLUTION        ; 23 MM HEAT SINK WITH 200 LFPM AIRFLOW  ; --            ; --                  ; --                     ;
; PROJECT_OUTPUT_DIRECTORY             ; output_files                           ; --            ; --                  ; --                     ;
; TOP_LEVEL_ENTITY                     ; multipli_segmentado                    ; AP3           ; --                  ; --                     ;
+--------------------------------------+----------------------------------------+---------------+---------------------+------------------------+


+--------------------------------------------------------------------------------------------------------------------------+
; Flow Elapsed Time                                                                                                        ;
+----------------------+--------------+-------------------------+---------------------+------------------------------------+
; Module Name          ; Elapsed Time ; Average Processors Used ; Peak Virtual Memory ; Total CPU Time (on all processors) ;
+----------------------+--------------+-------------------------+---------------------+------------------------------------+
; Analysis & Synthesis ; 00:00:39     ; 1.0                     ; 4837 MB             ; 00:00:27                           ;
; Total                ; 00:00:39     ; --                      ; --                  ; 00:00:27                           ;
+----------------------+--------------+-------------------------+---------------------+------------------------------------+


+------------------------------------------------------------------------------------+
; Flow OS Summary                                                                    ;
+----------------------+------------------+------------+------------+----------------+
; Module Name          ; Machine Hostname ; OS Name    ; OS Version ; Processor type ;
+----------------------+------------------+------------+------------+----------------+
; Analysis & Synthesis ; master-wetsit    ; Windows 10 ; 10.0       ; x86_64         ;
+----------------------+------------------+------------+------------+----------------+


------------
; Flow Log ;
------------
quartus_map --read_settings_files=on --write_settings_files=off AP3 -c AP3



