Analysis & Synthesis report for AP3
Mon Nov 17 05:37:51 2025
Quartus Prime Version 17.1.1 Internal Build 593 12/11/2017 SJ Standard Edition


---------------------
; Table of Contents ;
---------------------
  1. Legal Notice
  2. Analysis & Synthesis Summary
  3. Analysis & Synthesis Settings
  4. Parallel Compilation
  5. Analysis & Synthesis Source Files Read
  6. Analysis & Synthesis Resource Usage Summary
  7. Analysis & Synthesis Resource Utilization by Entity
  8. Analysis & Synthesis RAM Summary
  9. Registers Removed During Synthesis
 10. Removed Registers Triggering Further Register Optimizations
 11. General Register Statistics
 12. Inverted Register Statistics
 13. Registers Packed Into Inferred Megafunctions
 14. Multiplexer Restructuring Statistics (Restructuring Performed)
 15. Source assignments for altshift_taps:LO_pip_rtl_0|shift_taps_9km:auto_generated|altsyncram_g1b1:altsyncram2
 16. Parameter Settings for Inferred Entity Instance: altshift_taps:LO_pip_rtl_0
 17. altshift_taps Parameter Settings by Entity Instance
 18. Post-Synthesis Netlist Statistics for Top Partition
 19. Elapsed Time Per Partition
 20. Analysis & Synthesis Messages
 21. Analysis & Synthesis Suppressed Messages



----------------
; Legal Notice ;
----------------
Copyright (C) 2017  Intel Corporation. All rights reserved.
Your use of Intel Corporation's design tools, logic functions 
and other software and tools, and its AMPP partner logic 
functions, and any output files from any of the foregoing 
(including device programming or simulation files), and any 
associated documentation or information are expressly subject 
to the terms and conditions of the Intel Program License 
Subscription Agreement, the Intel Quartus Prime License Agreement,
the Intel FPGA IP License Agreement, or other applicable license
agreement, including, without limitation, that your use is for
the sole purpose of programming logic devices manufactured by
Intel and sold by Intel or its authorized distributors.  Please
refer to the applicable agreement for further details.



+-----------------------------------------------------------------------------------------------+
; Analysis & Synthesis Summary                                                                  ;
+------------------------------------+----------------------------------------------------------+
; Analysis & Synthesis Status        ; Successful - Mon Nov 17 05:37:51 2025                    ;
; Quartus Prime Version              ; 17.1.1 Internal Build 593 12/11/2017 SJ Standard Edition ;
; Revision Name                      ; AP3                                                      ;
; Top-level Entity Name              ; multipli_segmentado                                      ;
; Family                             ; Cyclone IV E                                             ;
; Total logic elements               ; 795                                                      ;
;     Total combinational functions  ; 745                                                      ;
;     Dedicated logic registers      ; 157                                                      ;
; Total registers                    ; 157                                                      ;
; Total pins                         ; 36                                                       ;
; Total virtual pins                 ; 0                                                        ;
; Total memory bits                  ; 20                                                       ;
; Embedded Multiplier 9-bit elements ; 0                                                        ;
; Total PLLs                         ; 0                                                        ;
+------------------------------------+----------------------------------------------------------+


+-----------------------------------------------------------------------------------------------------------------------+
; Analysis & Synthesis Settings                                                                                         ;
+----------------------------------------------------------------------------+---------------------+--------------------+
; Option                                                                     ; Setting             ; Default Value      ;
+----------------------------------------------------------------------------+---------------------+--------------------+
; Device                                                                     ; EP4CE115F29C7       ;                    ;
; Top-level entity name                                                      ; multipli_segmentado ; AP3                ;
; Family name                                                                ; Cyclone IV E        ; Cyclone V          ;
; Use smart compilation                                                      ; Off                 ; Off                ;
; Enable parallel Assembler and TimeQuest Timing Analyzer during compilation ; On                  ; On                 ;
; Enable compact report table                                                ; Off                 ; Off                ;
; Restructure Multiplexers                                                   ; Auto                ; Auto               ;
; Create Debugging Nodes for IP Cores                                        ; Off                 ; Off                ;
; Preserve fewer node names                                                  ; On                  ; On                 ;
; Intel FPGA IP Evaluation Mode                                              ; Enable              ; Enable             ;
; Verilog Version                                                            ; Verilog_2001        ; Verilog_2001       ;
; VHDL Version                                                               ; VHDL_1993           ; VHDL_1993          ;
; State Machine Processing                                                   ; Auto                ; Auto               ;
; Safe State Machine                                                         ; Off                 ; Off                ;
; Extract Verilog State Machines                                             ; On                  ; On                 ;
; Extract VHDL State Machines                                                ; On                  ; On                 ;
; Ignore Verilog initial constructs                                          ; Off                 ; Off                ;
; Iteration limit for constant Verilog loops                                 ; 5000                ; 5000               ;
; Iteration limit for non-constant Verilog loops                             ; 250                 ; 250                ;
; Add Pass-Through Logic to Inferred RAMs                                    ; On                  ; On                 ;
; Infer RAMs from Raw Logic                                                  ; On                  ; On                 ;
; Parallel Synthesis                                                         ; On                  ; On                 ;
; DSP Block Balancing                                                        ; Auto                ; Auto               ;
; NOT Gate Push-Back                                                         ; On                  ; On                 ;
; Power-Up Don't Care                                                        ; On                  ; On                 ;
; Remove Redundant Logic Cells                                               ; Off                 ; Off                ;
; Remove Duplicate Registers                                                 ; On                  ; On                 ;
; Ignore CARRY Buffers                                                       ; Off                 ; Off                ;
; Ignore CASCADE Buffers                                                     ; Off                 ; Off                ;
; Ignore GLOBAL Buffers                                                      ; Off                 ; Off                ;
; Ignore ROW GLOBAL Buffers                                                  ; Off                 ; Off                ;
; Ignore LCELL Buffers                                                       ; Off                 ; Off                ;
; Ignore SOFT Buffers                                                        ; On                  ; On                 ;
; Limit AHDL Integers to 32 Bits                                             ; Off                 ; Off                ;
; Optimization Technique                                                     ; Balanced            ; Balanced           ;
; Carry Chain Length                                                         ; 70                  ; 70                 ;
; Auto Carry Chains                                                          ; On                  ; On                 ;
; Auto Open-Drain Pins                                                       ; On                  ; On                 ;
; Perform WYSIWYG Primitive Resynthesis                                      ; Off                 ; Off                ;
; Auto ROM Replacement                                                       ; On                  ; On                 ;
; Auto RAM Replacement                                                       ; On                  ; On                 ;
; Auto DSP Block Replacement                                                 ; On                  ; On                 ;
; Auto Shift Register Replacement                                            ; Auto                ; Auto               ;
; Allow Shift Register Merging across Hierarchies                            ; Auto                ; Auto               ;
; Auto Clock Enable Replacement                                              ; On                  ; On                 ;
; Strict RAM Replacement                                                     ; Off                 ; Off                ;
; Allow Synchronous Control Signals                                          ; On                  ; On                 ;
; Force Use of Synchronous Clear Signals                                     ; Off                 ; Off                ;
; Auto RAM Block Balancing                                                   ; On                  ; On                 ;
; Auto RAM to Logic Cell Conversion                                          ; Off                 ; Off                ;
; Auto Resource Sharing                                                      ; Off                 ; Off                ;
; Allow Any RAM Size For Recognition                                         ; Off                 ; Off                ;
; Allow Any ROM Size For Recognition                                         ; Off                 ; Off                ;
; Allow Any Shift Register Size For Recognition                              ; Off                 ; Off                ;
; Use LogicLock Constraints during Resource Balancing                        ; On                  ; On                 ;
; Ignore translate_off and synthesis_off directives                          ; Off                 ; Off                ;
; Timing-Driven Synthesis                                                    ; On                  ; On                 ;
; Report Parameter Settings                                                  ; On                  ; On                 ;
; Report Source Assignments                                                  ; On                  ; On                 ;
; Report Connectivity Checks                                                 ; On                  ; On                 ;
; Ignore Maximum Fan-Out Assignments                                         ; Off                 ; Off                ;
; Synchronization Register Chain Length                                      ; 2                   ; 2                  ;
; Power Optimization During Synthesis                                        ; Normal compilation  ; Normal compilation ;
; HDL message level                                                          ; Level2              ; Level2             ;
; Suppress Register Optimization Related Messages                            ; Off                 ; Off                ;
; Number of Removed Registers Reported in Synthesis Report                   ; 5000                ; 5000               ;
; Number of Swept Nodes Reported in Synthesis Report                         ; 5000                ; 5000               ;
; Number of Inverted Registers Reported in Synthesis Report                  ; 100                 ; 100                ;
; Clock MUX Protection                                                       ; On                  ; On                 ;
; Auto Gated Clock Conversion                                                ; Off                 ; Off                ;
; Block Design Naming                                                        ; Auto                ; Auto               ;
; SDC constraint protection                                                  ; Off                 ; Off                ;
; Synthesis Effort                                                           ; Auto                ; Auto               ;
; Shift Register Replacement - Allow Asynchronous Clear Signal               ; On                  ; On                 ;
; Pre-Mapping Resynthesis Optimization                                       ; Off                 ; Off                ;
; Analysis & Synthesis Message Level                                         ; Medium              ; Medium             ;
; Disable Register Merging Across Hierarchies                                ; Auto                ; Auto               ;
; Resource Aware Inference For Block RAM                                     ; On                  ; On                 ;
+----------------------------------------------------------------------------+---------------------+--------------------+


+------------------------------------------+
; Parallel Compilation                     ;
+----------------------------+-------------+
; Processors                 ; Number      ;
+----------------------------+-------------+
; Number detected on machine ; 12          ;
; Maximum allowed            ; 12          ;
;                            ;             ;
; Average used               ; 1.00        ;
; Maximum used               ; 12          ;
;                            ;             ;
; Usage by Processor         ; % Time Used ;
;     Processor 1            ; 100.0%      ;
;     Processor 2            ;   0.0%      ;
;     Processor 3            ;   0.0%      ;
;     Processor 4            ;   0.0%      ;
;     Processor 5            ;   0.0%      ;
;     Processor 6            ;   0.0%      ;
;     Processor 7            ;   0.0%      ;
;     Processors 8-12        ;   0.0%      ;
+----------------------------+-------------+


+-------------------------------------------------------------------------------------------------------------------------------------------------------------------+
; Analysis & Synthesis Source Files Read                                                                                                                            ;
+----------------------------------+-----------------+------------------------------+---------------------------------------------------------------------+---------+
; File Name with User-Entered Path ; Used in Netlist ; File Type                    ; File Name with Absolute Path                                        ; Library ;
+----------------------------------+-----------------+------------------------------+---------------------------------------------------------------------+---------+
; multipli_segmentado.sv           ; yes             ; User SystemVerilog HDL File  ; W:/ISDIGI/TAREA2/apartado3/multipli_segmentado.sv                   ;         ;
; altshift_taps.tdf                ; yes             ; Megafunction                 ; c:/intelfpga/17.1/quartus/libraries/megafunctions/altshift_taps.tdf ;         ;
; altdpram.inc                     ; yes             ; Megafunction                 ; c:/intelfpga/17.1/quartus/libraries/megafunctions/altdpram.inc      ;         ;
; lpm_counter.inc                  ; yes             ; Megafunction                 ; c:/intelfpga/17.1/quartus/libraries/megafunctions/lpm_counter.inc   ;         ;
; lpm_compare.inc                  ; yes             ; Megafunction                 ; c:/intelfpga/17.1/quartus/libraries/megafunctions/lpm_compare.inc   ;         ;
; lpm_constant.inc                 ; yes             ; Megafunction                 ; c:/intelfpga/17.1/quartus/libraries/megafunctions/lpm_constant.inc  ;         ;
; db/shift_taps_9km.tdf            ; yes             ; Auto-Generated Megafunction  ; W:/ISDIGI/TAREA2/apartado3/db/shift_taps_9km.tdf                    ;         ;
; db/altsyncram_g1b1.tdf           ; yes             ; Auto-Generated Megafunction  ; W:/ISDIGI/TAREA2/apartado3/db/altsyncram_g1b1.tdf                   ;         ;
; db/cntr_4pf.tdf                  ; yes             ; Auto-Generated Megafunction  ; W:/ISDIGI/TAREA2/apartado3/db/cntr_4pf.tdf                          ;         ;
; db/cntr_r8h.tdf                  ; yes             ; Auto-Generated Megafunction  ; W:/ISDIGI/TAREA2/apartado3/db/cntr_r8h.tdf                          ;         ;
+----------------------------------+-----------------+------------------------------+---------------------------------------------------------------------+---------+


+-----------------------------------------------------+
; Analysis & Synthesis Resource Usage Summary         ;
+---------------------------------------------+-------+
; Resource                                    ; Usage ;
+---------------------------------------------+-------+
; Estimated Total logic elements              ; 795   ;
;                                             ;       ;
; Total combinational functions               ; 745   ;
; Logic element usage by number of LUT inputs ;       ;
;     -- 4 input functions                    ; 216   ;
;     -- 3 input functions                    ; 480   ;
;     -- <=2 input functions                  ; 49    ;
;                                             ;       ;
; Logic elements by mode                      ;       ;
;     -- normal mode                          ; 365   ;
;     -- arithmetic mode                      ; 380   ;
;                                             ;       ;
; Total registers                             ; 157   ;
;     -- Dedicated logic registers            ; 157   ;
;     -- I/O registers                        ; 0     ;
;                                             ;       ;
; I/O pins                                    ; 36    ;
; Total memory bits                           ; 20    ;
;                                             ;       ;
; Embedded Multiplier 9-bit elements          ; 0     ;
;                                             ;       ;
; Maximum fan-out node                        ; M[7]  ;
; Maximum fan-out                             ; 207   ;
; Total fan-out                               ; 2963  ;
; Average fan-out                             ; 3.01  ;
+---------------------------------------------+-------+


+--------------------------------------------------------------------------------------------------------------------------------------------------------------------------------------------------------------------------------------------------------------------------------------------------------------------+
; Analysis & Synthesis Resource Utilization by Entity                                                                                                                                                                                                                                                                ;
+----------------------------------------+---------------------+---------------------------+-------------+--------------+---------+-----------+------+--------------+-----------------------------------------------------------------------------------------------------------+---------------------+--------------+
; Compilation Hierarchy Node             ; Combinational ALUTs ; Dedicated Logic Registers ; Memory Bits ; DSP Elements ; DSP 9x9 ; DSP 18x18 ; Pins ; Virtual Pins ; Full Hierarchy Name                                                                                       ; Entity Name         ; Library Name ;
+----------------------------------------+---------------------+---------------------------+-------------+--------------+---------+-----------+------+--------------+-----------------------------------------------------------------------------------------------------------+---------------------+--------------+
; |multipli_segmentado                   ; 745 (741)           ; 157 (153)                 ; 20          ; 0            ; 0       ; 0         ; 36   ; 0            ; |multipli_segmentado                                                                                      ; multipli_segmentado ; work         ;
;    |altshift_taps:LO_pip_rtl_0|        ; 4 (0)               ; 4 (0)                     ; 20          ; 0            ; 0       ; 0         ; 0    ; 0            ; |multipli_segmentado|altshift_taps:LO_pip_rtl_0                                                           ; altshift_taps       ; work         ;
;       |shift_taps_9km:auto_generated|  ; 4 (0)               ; 4 (1)                     ; 20          ; 0            ; 0       ; 0         ; 0    ; 0            ; |multipli_segmentado|altshift_taps:LO_pip_rtl_0|shift_taps_9km:auto_generated                             ; shift_taps_9km      ; work         ;
;          |altsyncram_g1b1:altsyncram2| ; 0 (0)               ; 0 (0)                     ; 20          ; 0            ; 0       ; 0         ; 0    ; 0            ; |multipli_segmentado|altshift_taps:LO_pip_rtl_0|shift_taps_9km:auto_generated|altsyncram_g1b1:altsyncram2 ; altsyncram_g1b1     ; work         ;
;          |cntr_4pf:cntr1|              ; 1 (1)               ; 1 (1)                     ; 0           ; 0            ; 0       ; 0         ; 0    ; 0            ; |multipli_segmentado|altshift_taps:LO_pip_rtl_0|shift_taps_9km:auto_generated|cntr_4pf:cntr1              ; cntr_4pf            ; work         ;
;          |cntr_r8h:cntr3|              ; 3 (3)               ; 2 (2)                     ; 0           ; 0            ; 0       ; 0         ; 0    ; 0            ; |multipli_segmentado|altshift_taps:LO_pip_rtl_0|shift_taps_9km:auto_generated|cntr_r8h:cntr3              ; cntr_r8h            ; work         ;
+----------------------------------------+---------------------+---------------------------+-------------+--------------+---------+-----------+------+--------------+-----------------------------------------------------------------------------------------------------------+---------------------+--------------+
Note: For table entries with two numbers listed, the numbers in parentheses indicate the number of resources of the given type used by the specific entity alone. The numbers listed outside of parentheses indicate the total resources of the given type used by the specific entity and all of its sub-entities in the hierarchy.


+-----------------------------------------------------------------------------------------------------------------------------------------------------------------------------------------------------+
; Analysis & Synthesis RAM Summary                                                                                                                                                                    ;
+-------------------------------------------------------------------------------------------------+------+------------------+--------------+--------------+--------------+--------------+------+------+
; Name                                                                                            ; Type ; Mode             ; Port A Depth ; Port A Width ; Port B Depth ; Port B Width ; Size ; MIF  ;
+-------------------------------------------------------------------------------------------------+------+------------------+--------------+--------------+--------------+--------------+------+------+
; altshift_taps:LO_pip_rtl_0|shift_taps_9km:auto_generated|altsyncram_g1b1:altsyncram2|ALTSYNCRAM ; AUTO ; Simple Dual Port ; 2            ; 10           ; 2            ; 10           ; 20   ; None ;
+-------------------------------------------------------------------------------------------------+------+------------------+--------------+--------------+--------------+--------------+------+------+


+---------------------------------------------------------------------------------+
; Registers Removed During Synthesis                                              ;
+----------------------------------------+----------------------------------------+
; Register name                          ; Reason for Removal                     ;
+----------------------------------------+----------------------------------------+
; Accu_pip[0][16]                        ; Stuck at GND due to stuck port data_in ;
; Accu_pip[0][15]                        ; Stuck at GND due to stuck port data_in ;
; Accu_pip[0][14]                        ; Stuck at GND due to stuck port data_in ;
; Accu_pip[0][13]                        ; Stuck at GND due to stuck port data_in ;
; Accu_pip[0][12]                        ; Stuck at GND due to stuck port data_in ;
; Accu_pip[0][11]                        ; Stuck at GND due to stuck port data_in ;
; Accu_pip[0][10]                        ; Stuck at GND due to stuck port data_in ;
; Accu_pip[0][9]                         ; Stuck at GND due to stuck port data_in ;
; Accu_pip[0][8]                         ; Stuck at GND due to stuck port data_in ;
; Accu_pip[0][7]                         ; Stuck at GND due to stuck port data_in ;
; Accu_pip[0][6]                         ; Stuck at GND due to stuck port data_in ;
; Accu_pip[0][5]                         ; Stuck at GND due to stuck port data_in ;
; Accu_pip[0][4]                         ; Stuck at GND due to stuck port data_in ;
; Accu_pip[0][3]                         ; Stuck at GND due to stuck port data_in ;
; Accu_pip[0][2]                         ; Stuck at GND due to stuck port data_in ;
; Accu_pip[0][1]                         ; Stuck at GND due to stuck port data_in ;
; Accu_pip[0][0]                         ; Stuck at GND due to stuck port data_in ;
; X_pip[0]                               ; Stuck at GND due to stuck port data_in ;
; Accu_pip[7][16]                        ; Lost fanout                            ;
; Accu_pip[7][15]                        ; Lost fanout                            ;
; Accu_pip[7][14]                        ; Lost fanout                            ;
; Accu_pip[7][13]                        ; Lost fanout                            ;
; Accu_pip[7][12]                        ; Lost fanout                            ;
; Accu_pip[7][11]                        ; Lost fanout                            ;
; Accu_pip[7][10]                        ; Lost fanout                            ;
; Accu_pip[6][16]                        ; Lost fanout                            ;
; Accu_pip[6][15]                        ; Lost fanout                            ;
; Accu_pip[6][14]                        ; Lost fanout                            ;
; Accu_pip[6][13]                        ; Lost fanout                            ;
; Accu_pip[6][12]                        ; Lost fanout                            ;
; Accu_pip[5][16]                        ; Lost fanout                            ;
; Accu_pip[5][15]                        ; Lost fanout                            ;
; Accu_pip[5][14]                        ; Lost fanout                            ;
; Accu_pip[4][16]                        ; Lost fanout                            ;
; Accu_pip[1][6]                         ; Merged with Accu_pip[1][16]            ;
; Accu_pip[1][15]                        ; Merged with Accu_pip[1][16]            ;
; Accu_pip[2][6]                         ; Merged with Accu_pip[2][16]            ;
; Accu_pip[2][15]                        ; Merged with Accu_pip[2][16]            ;
; Accu_pip[3][6]                         ; Merged with Accu_pip[3][16]            ;
; Accu_pip[3][15]                        ; Merged with Accu_pip[3][16]            ;
; Accu_pip[4][6]                         ; Merged with Accu_pip[4][15]            ;
; M[8]                                   ; Merged with M[7]                       ;
; Accu_pip[1][11]                        ; Merged with Accu_pip[1][10]            ;
; Accu_pip[1][12]                        ; Merged with Accu_pip[1][10]            ;
; Accu_pip[1][13]                        ; Merged with Accu_pip[1][10]            ;
; Accu_pip[1][14]                        ; Merged with Accu_pip[1][10]            ;
; Accu_pip[1][8]                         ; Merged with Accu_pip[1][10]            ;
; Accu_pip[1][9]                         ; Merged with Accu_pip[1][10]            ;
; Accu_pip[1][7]                         ; Merged with Accu_pip[1][10]            ;
; Total Number of Removed Registers = 49 ;                                        ;
+----------------------------------------+----------------------------------------+


+-----------------------------------------------------------------------------------------------------------------------------+
; Removed Registers Triggering Further Register Optimizations                                                                 ;
+-----------------+--------------------+--------------------------------------------------------------------------------------+
; Register name   ; Reason for Removal ; Registers Removed due to This Register                                               ;
+-----------------+--------------------+--------------------------------------------------------------------------------------+
; Accu_pip[7][16] ; Lost Fanouts       ; Accu_pip[6][16], Accu_pip[6][15], Accu_pip[6][14], Accu_pip[5][16], Accu_pip[5][15], ;
;                 ;                    ; Accu_pip[5][14], Accu_pip[4][16]                                                     ;
; Accu_pip[7][11] ; Lost Fanouts       ; Accu_pip[6][13]                                                                      ;
; Accu_pip[7][10] ; Lost Fanouts       ; Accu_pip[6][12]                                                                      ;
+-----------------+--------------------+--------------------------------------------------------------------------------------+


+------------------------------------------------------+
; General Register Statistics                          ;
+----------------------------------------------+-------+
; Statistic                                    ; Value ;
+----------------------------------------------+-------+
; Total registers                              ; 157   ;
; Number of registers using Synchronous Clear  ; 0     ;
; Number of registers using Synchronous Load   ; 0     ;
; Number of registers using Asynchronous Clear ; 156   ;
; Number of registers using Asynchronous Load  ; 0     ;
; Number of registers using Clock Enable       ; 2     ;
; Number of registers using Preset             ; 0     ;
+----------------------------------------------+-------+


+--------------------------------------------------------------------------+
; Inverted Register Statistics                                             ;
+----------------------------------------------------------------+---------+
; Inverted Register                                              ; Fan out ;
+----------------------------------------------------------------+---------+
; altshift_taps:LO_pip_rtl_0|shift_taps_9km:auto_generated|dffe4 ; 10      ;
; Total number of inverted registers = 1                         ;         ;
+----------------------------------------------------------------+---------+


+-----------------------------------------------+
; Registers Packed Into Inferred Megafunctions  ;
+-------------------+--------------+------------+
; Register Name     ; Megafunction ; Type       ;
+-------------------+--------------+------------+
; LO_pip[8][0,1]    ; LO_pip_rtl_0 ; SHIFT_TAPS ;
; LO_pip[7][0..3]   ; LO_pip_rtl_0 ; SHIFT_TAPS ;
; LO_pip[6][0..5]   ; LO_pip_rtl_0 ; SHIFT_TAPS ;
; LO_pip[4,5][0..7] ; LO_pip_rtl_0 ; SHIFT_TAPS ;
; LO_pip[3][2..7]   ; LO_pip_rtl_0 ; SHIFT_TAPS ;
; LO_pip[2][4..7]   ; LO_pip_rtl_0 ; SHIFT_TAPS ;
; LO_pip[1][6,7]    ; LO_pip_rtl_0 ; SHIFT_TAPS ;
+-------------------+--------------+------------+


+----------------------------------------------------------------------------------------------------------------------------------------------------+
; Multiplexer Restructuring Statistics (Restructuring Performed)                                                                                     ;
+--------------------+-----------+---------------+----------------------+------------------------+------------+--------------------------------------+
; Multiplexer Inputs ; Bus Width ; Baseline Area ; Area if Restructured ; Saving if Restructured ; Registered ; Example Multiplexer Output           ;
+--------------------+-----------+---------------+----------------------+------------------------+------------+--------------------------------------+
; 3:1                ; 5 bits    ; 10 LEs        ; 10 LEs               ; 0 LEs                  ; Yes        ; |multipli_segmentado|Accu_pip[1][1]  ;
; 5:1                ; 15 bits   ; 45 LEs        ; 45 LEs               ; 0 LEs                  ; Yes        ; |multipli_segmentado|Accu_pip[4][3]  ;
; 5:1                ; 15 bits   ; 45 LEs        ; 45 LEs               ; 0 LEs                  ; Yes        ; |multipli_segmentado|Accu_pip[3][16] ;
; 5:1                ; 15 bits   ; 45 LEs        ; 45 LEs               ; 0 LEs                  ; Yes        ; |multipli_segmentado|Accu_pip[2][13] ;
; 5:1                ; 9 bits    ; 27 LEs        ; 27 LEs               ; 0 LEs                  ; Yes        ; |multipli_segmentado|Accu_pip[8][0]  ;
; 5:1                ; 11 bits   ; 33 LEs        ; 33 LEs               ; 0 LEs                  ; Yes        ; |multipli_segmentado|Accu_pip[7][2]  ;
; 5:1                ; 13 bits   ; 39 LEs        ; 39 LEs               ; 0 LEs                  ; Yes        ; |multipli_segmentado|Accu_pip[6][10] ;
; 5:1                ; 14 bits   ; 42 LEs        ; 42 LEs               ; 0 LEs                  ; Yes        ; |multipli_segmentado|Accu_pip[5][0]  ;
+--------------------+-----------+---------------+----------------------+------------------------+------------+--------------------------------------+


+-------------------------------------------------------------------------------------------------------------+
; Source assignments for altshift_taps:LO_pip_rtl_0|shift_taps_9km:auto_generated|altsyncram_g1b1:altsyncram2 ;
+---------------------------------+--------------------+------+-----------------------------------------------+
; Assignment                      ; Value              ; From ; To                                            ;
+---------------------------------+--------------------+------+-----------------------------------------------+
; OPTIMIZE_POWER_DURING_SYNTHESIS ; NORMAL_COMPILATION ; -    ; -                                             ;
+---------------------------------+--------------------+------+-----------------------------------------------+


+-----------------------------------------------------------------------------+
; Parameter Settings for Inferred Entity Instance: altshift_taps:LO_pip_rtl_0 ;
+----------------+----------------+-------------------------------------------+
; Parameter Name ; Value          ; Type                                      ;
+----------------+----------------+-------------------------------------------+
; WIDTH_BYTEENA  ; 1              ; Untyped                                   ;
; NUMBER_OF_TAPS ; 1              ; Untyped                                   ;
; TAP_DISTANCE   ; 4              ; Untyped                                   ;
; WIDTH          ; 10             ; Untyped                                   ;
; POWER_UP_STATE ; CLEARED        ; Untyped                                   ;
; CBXI_PARAMETER ; shift_taps_9km ; Untyped                                   ;
+----------------+----------------+-------------------------------------------+
Note: In order to hide this table in the UI and the text report file, please set the "Show Parameter Settings in Synthesis Report" option in "Analysis and Synthesis Settings -> More Settings" to "Off".


+---------------------------------------------------------+
; altshift_taps Parameter Settings by Entity Instance     ;
+----------------------------+----------------------------+
; Name                       ; Value                      ;
+----------------------------+----------------------------+
; Number of entity instances ; 1                          ;
; Entity Instance            ; altshift_taps:LO_pip_rtl_0 ;
;     -- NUMBER_OF_TAPS      ; 1                          ;
;     -- TAP_DISTANCE        ; 4                          ;
;     -- WIDTH               ; 10                         ;
+----------------------------+----------------------------+


+-----------------------------------------------------+
; Post-Synthesis Netlist Statistics for Top Partition ;
+-----------------------+-----------------------------+
; Type                  ; Count                       ;
+-----------------------+-----------------------------+
; boundary_port         ; 36                          ;
; cycloneiii_ff         ; 157                         ;
;     CLR               ; 154                         ;
;     ENA CLR           ; 2                           ;
;     plain             ; 1                           ;
; cycloneiii_lcell_comb ; 745                         ;
;     arith             ; 380                         ;
;         1 data inputs ; 1                           ;
;         2 data inputs ; 9                           ;
;         3 data inputs ; 370                         ;
;     normal            ; 365                         ;
;         0 data inputs ; 1                           ;
;         1 data inputs ; 2                           ;
;         2 data inputs ; 36                          ;
;         3 data inputs ; 110                         ;
;         4 data inputs ; 216                         ;
; cycloneiii_ram_block  ; 10                          ;
;                       ;                             ;
; Max LUT depth         ; 5.50                        ;
; Average LUT depth     ; 4.31                        ;
+-----------------------+-----------------------------+


+-------------------------------+
; Elapsed Time Per Partition    ;
+----------------+--------------+
; Partition Name ; Elapsed Time ;
+----------------+--------------+
; Top            ; 00:00:04     ;
+----------------+--------------+


+-------------------------------+
; Analysis & Synthesis Messages ;
+-------------------------------+
Info: *******************************************************************
Info: Running Quartus Prime Analysis & Synthesis
    Info: Version 17.1.1 Internal Build 593 12/11/2017 SJ Standard Edition
    Info: Processing started: Mon Nov 17 05:37:10 2025
Info: Command: quartus_map --read_settings_files=on --write_settings_files=off AP3 -c AP3
Warning (18236): Number of processors has not been specified which may cause overloading on shared machines.  Set the global assignment NUM_PARALLEL_PROCESSORS in your QSF to an appropriate value for best performance.
Info (20030): Parallel compilation is enabled and will use 12 of the 12 processors detected
Info (12021): Found 1 design units, including 1 entities, in source file multipli_segmentado.sv
    Info (12023): Found entity 1: multipli_segmentado File: W:/ISDIGI/TAREA2/apartado3/multipli_segmentado.sv Line: 1
Info (12127): Elaborating entity "multipli_segmentado" for the top level hierarchy
Info (19000): Inferred 1 megafunctions from design logic
    Info (276034): Inferred altshift_taps megafunction from the following design logic: "LO_pip_rtl_0"
        Info (286033): Parameter NUMBER_OF_TAPS set to 1
        Info (286033): Parameter TAP_DISTANCE set to 4
        Info (286033): Parameter WIDTH set to 10
Info (12130): Elaborated megafunction instantiation "altshift_taps:LO_pip_rtl_0"
Info (12133): Instantiated megafunction "altshift_taps:LO_pip_rtl_0" with the following parameter:
    Info (12134): Parameter "NUMBER_OF_TAPS" = "1"
    Info (12134): Parameter "TAP_DISTANCE" = "4"
    Info (12134): Parameter "WIDTH" = "10"
Info (12021): Found 1 design units, including 1 entities, in source file db/shift_taps_9km.tdf
    Info (12023): Found entity 1: shift_taps_9km File: W:/ISDIGI/TAREA2/apartado3/db/shift_taps_9km.tdf Line: 28
Info (12021): Found 1 design units, including 1 entities, in source file db/altsyncram_g1b1.tdf
    Info (12023): Found entity 1: altsyncram_g1b1 File: W:/ISDIGI/TAREA2/apartado3/db/altsyncram_g1b1.tdf Line: 27
Info (12021): Found 1 design units, including 1 entities, in source file db/cntr_4pf.tdf
    Info (12023): Found entity 1: cntr_4pf File: W:/ISDIGI/TAREA2/apartado3/db/cntr_4pf.tdf Line: 25
Info (12021): Found 1 design units, including 1 entities, in source file db/cntr_r8h.tdf
    Info (12023): Found entity 1: cntr_r8h File: W:/ISDIGI/TAREA2/apartado3/db/cntr_r8h.tdf Line: 25
Info (13000): Registers with preset signals will power-up high File: W:/ISDIGI/TAREA2/apartado3/db/shift_taps_9km.tdf Line: 38
Info (13003): DEV_CLRn pin will set, and not reset, register with preset signal due to NOT Gate Push-Back
Info (286030): Timing-Driven Synthesis is running
Info (17049): 16 registers lost all their fanouts during netlist optimizations.
Info (144001): Generated suppressed messages file W:/ISDIGI/TAREA2/apartado3/output_files/AP3.map.smsg
Info (16010): Generating hard_block partition "hard_block:auto_generated_inst"
    Info (16011): Adding 0 node(s), including 0 DDIO, 0 PLL, 0 transceiver and 0 LCELL
Info (21057): Implemented 842 device resources after synthesis - the final resource count might be different
    Info (21058): Implemented 19 input pins
    Info (21059): Implemented 17 output pins
    Info (21061): Implemented 796 logic cells
    Info (21064): Implemented 10 RAM segments
Info: Quartus Prime Analysis & Synthesis was successful. 0 errors, 1 warning
    Info: Peak virtual memory: 4840 megabytes
    Info: Processing ended: Mon Nov 17 05:37:51 2025
    Info: Elapsed time: 00:00:41
    Info: Total CPU time (on all processors): 00:00:27


+------------------------------------------+
; Analysis & Synthesis Suppressed Messages ;
+------------------------------------------+
The suppressed messages can be found in W:/ISDIGI/TAREA2/apartado3/output_files/AP3.map.smsg.


